<?xml version="1.0" encoding="UTF-8" ?>
<testsuite tests="2" failures="0" name="TestSuite" time="6.749" errors="0" skipped="0">
  <properties>
    <property name="JOB_NAME" value="OfflineDemo"/>
    <property name="java.vendor" value="Oracle Corporation"/>
    <property name="sun.java.launcher" value="SUN_STANDARD"/>
    <property name="NUMBER_OF_PROCESSORS" value="4"/>
    <property name="sun.management.compiler" value="HotSpot 64-Bit Tiered Compilers"/>
    <property name="JENKINS_HOME" value="C:\Users\mangesh\.jenkins"/>
    <property name="HUDSON_SERVER_COOKIE" value="d60c42a241010228"/>
    <property name="POM_ARTIFACTID" value="com.offlineWebsite"/>
    <property name="os.name" value="Windows 8.1"/>
    <property name="EXECUTOR_NUMBER" value="1"/>
    <property name="sun.desktop" value="windows"/>
    <property name="PATHEXT" value=".COM;.EXE;.BAT;.CMD;.VBS;.VBE;.JS;.JSE;.WSF;.WSH;.MSC"/>
    <property name="POM_DISPLAYNAME" value="com.offlineWebsite"/>
    <property name="java.vm.specification.vendor" value="Oracle Corporation"/>
    <property name="TEMP" value="C:\Users\mangesh\AppData\Local\Temp"/>
    <property name="NODE_LABELS" value="master"/>
    <property name="ROOT_BUILD_CAUSE" value="TIMERTRIGGER"/>
    <property name="java.runtime.version" value="10.0.1+10"/>
    <property name="user.name" value="mangesh"/>
    <property name="guice.disable.misplaced.annotation.check" value="true"/>
    <property name="CommonProgramW6432" value="C:\Program Files\Common Files"/>
    <property name="ProgramFiles" value="C:\Program Files"/>
    <property name="PROMPT" value="$P$G"/>
    <property name="user.language" value="en"/>
    <property name="JOB_BASE_NAME" value="OfflineDemo"/>
    <property name="RUN_CHANGES_DISPLAY_URL" value="http://localhost:8080/job/OfflineDemo/8/display/redirect?page=changes"/>
    <property name="BUILD_DISPLAY_NAME" value="#8"/>
    <property name="sun.boot.library.path" value="C:\Program Files\Java\jdk-10.0.1\bin"/>
    <property name="java.vm.compressedOopsMode" value="32-bit"/>
    <property name="LOCALAPPDATA" value="C:\Users\mangesh\AppData\Local"/>
    <property name="java.version" value="10.0.1"/>
    <property name="user.timezone" value="Asia/Calcutta"/>
    <property name="PROCESSOR_LEVEL" value="6"/>
    <property name="USERNAME" value="mangesh"/>
    <property name="sun.arch.data.model" value="64"/>
    <property name="NODE_NAME" value="master"/>
    <property name="BUILD_ID" value="8"/>
    <property name="PyCharm Community Edition" value="C:\Program Files\JetBrains\PyCharm Community Edition 2019.3\bin;"/>
    <property name="file.encoding.pkg" value="sun.io"/>
    <property name="sun.cpu.isalist" value="amd64"/>
    <property name="sun.jnu.encoding" value="Cp1252"/>
    <property name="maven.conf" value="C:\maven\apache-maven-3.5.4\conf"/>
    <property name="HOMEDRIVE" value="C:"/>
    <property name="file.separator" value="\"/>
    <property name="ROOT_BUILD_CAUSE_TIMERTRIGGER" value="true"/>
    <property name="java.specification.name" value="Java Platform API Specification"/>
    <property name="java.class.version" value="54.0"/>
    <property name="SCITE_USERHOME" value="C:\Users\mangesh\AppData\Local\AutoIt v3\SciTE"/>
    <property name="org.slf4j.simpleLogger.defaultLogLevel" value="info"/>
    <property name="user.country" value="IN"/>
    <property name="ALLUSERSPROFILE" value="C:\ProgramData"/>
    <property name="java.home" value="C:\Program Files\Java\jdk-10.0.1"/>
    <property name="java.vm.info" value="mixed mode"/>
    <property name="os.version" value="6.3"/>
    <property name="GIT_PATH" value="C:\Program Files\Git\bin"/>
    <property name="RUN_DISPLAY_URL" value="http://localhost:8080/job/OfflineDemo/8/display/redirect"/>
    <property name="POM_VERSION" value="0.0.1-SNAPSHOT"/>
    <property name="TMP" value="C:\Users\mangesh\AppData\Local\Temp"/>
    <property name="configsetroot" value="C:\windows\ConfigSetRoot"/>
    <property name="path.separator" value=";"/>
    <property name="java.vm.version" value="10.0.1+10"/>
    <property name="user.variant" value=""/>
    <property name="CommonProgramFiles(x86)" value="C:\Program Files (x86)\Common Files"/>
    <property name="JOB_DISPLAY_URL" value="http://localhost:8080/job/OfflineDemo/display/redirect"/>
    <property name="FP_NO_HOST_CHECK" value="NO"/>
    <property name="USERDOMAIN_ROAMINGPROFILE" value="MANGESH-PC"/>
    <property name="java.awt.printerjob" value="sun.awt.windows.WPrinterJob"/>
    <property name="CommonProgramFiles" value="C:\Program Files\Common Files"/>
    <property name="sun.io.unicode.encoding" value="UnicodeLittle"/>
    <property name="JAVA_HOME" value="C:\Program Files\Java\jdk-10.0.1"/>
    <property name="ComSpec" value="C:\windows\system32\cmd.exe"/>
    <property name="HOMEPATH" value="\Users\mangesh"/>
    <property name="awt.toolkit" value="sun.awt.windows.WToolkit"/>
    <property name="POM_PACKAGING" value="jar"/>
    <property name="COMPUTERNAME" value="MANGESH-PC"/>
    <property name="user.script" value=""/>
    <property name="POM_GROUPID" value="com.JBK"/>
    <property name="user.home" value="C:\Users\mangesh"/>
    <property name="PUBLIC" value="C:\Users\Public"/>
    <property name="BUILD_TAG" value="jenkins-OfflineDemo-8"/>
    <property name="JENKINS_SERVER_COOKIE" value="d60c42a241010228"/>
    <property name="=E:" value="E:\Jenkins"/>
    <property name="HUDSON_URL" value="http://localhost:8080/"/>
    <property name="ProgramData" value="C:\ProgramData"/>
    <property name="java.version.date" value="2018-04-17"/>
    <property name="java.specification.vendor" value="Oracle Corporation"/>
    <property name="USERPROFILE" value="C:\Users\mangesh"/>
    <property name="JAVA" value="C:\Program Files\Java\jdk1.8.0_144"/>
    <property name="CLASSPATH" value=""/>
    <property name="java.library.path" value="C:\Program Files\Java\jdk-10.0.1\bin;C:\windows\Sun\Java\bin;C:\windows\system32;C:\windows;C:\maven\apache-maven-3.5.4/bin;C:\Program Files\Java\jdk-10.0.1/bin;C:\Program Files\Java\jre1.8.0_144\bin;C:\Program Files\Git\cmd;C:\Program Files\Git\bin;C:\maven\apache-maven-3.5.4\bin;C:\Program Files\Java\jdk1.8.0_144\bin;C:\Users\mangesh\AppData\Local\Programs\Python\Python38-32\Scripts\;C:\Users\mangesh\AppData\Local\Programs\Python\Python38-32\;C:\Program Files\Java\jdk1.8.0_144;;."/>
    <property name="java.vendor.url" value="http://java.oracle.com/"/>
    <property name="java.vm.vendor" value="&quot;Oracle Corporation&quot;"/>
    <property name="APPDATA" value="C:\Users\mangesh\AppData\Roaming"/>
    <property name="java.runtime.name" value="Java(TM) SE Runtime Environment"/>
    <property name="maven.home" value="C:\maven\apache-maven-3.5.4"/>
    <property name="java.class.path" value="C:\Users\mangesh\.jenkins\plugins\maven-plugin\WEB-INF\lib\maven35-agent-1.12-alpha-1.jar;C:\maven\apache-maven-3.5.4\boot\plexus-classworlds-2.5.2.jar;C:\maven\apache-maven-3.5.4/conf/logging"/>
    <property name="sun.java.command" value="jenkins.maven3.agent.Maven35Main C:\maven\apache-maven-3.5.4 C:\Users\mangesh\.jenkins\war\WEB-INF\lib\remoting-3.29.jar C:\Users\mangesh\.jenkins\plugins\maven-plugin\WEB-INF\lib\maven35-interceptor-1.12-alpha-1.jar C:\Users\mangesh\.jenkins\plugins\maven-plugin\WEB-INF\lib\maven3-interceptor-commons-1.12-alpha-1.jar 54429"/>
    <property name="Path" value="C:\Program Files\Java\jre1.8.0_144\bin;C:\Program Files\Git\cmd;C:\Program Files\Git\bin;C:\maven\apache-maven-3.5.4\bin;C:\Program Files\Java\jdk1.8.0_144\bin;C:\Users\mangesh\AppData\Local\Programs\Python\Python38-32\Scripts\;C:\Users\mangesh\AppData\Local\Programs\Python\Python38-32\;C:\Program Files\Java\jdk1.8.0_144;"/>
    <property name="jdk.debug" value="release"/>
    <property name="BUILD_CAUSE_TIMERTRIGGER" value="true"/>
    <property name="PROCESSOR_ARCHITECTURE" value="AMD64"/>
    <property name="java.vm.specification.name" value="Java Virtual Machine Specification"/>
    <property name="PATH+JDK" value="C:\Program Files\Java\jdk-10.0.1/bin"/>
    <property name="SESSIONNAME" value="Console"/>
    <property name="PROCESSOR_IDENTIFIER" value="Intel64 Family 6 Model 69 Stepping 1, GenuineIntel"/>
    <property name="java.vm.specification.version" value="10"/>
    <property name="M2_HOME" value="C:\maven\apache-maven-3.5.4"/>
    <property name="sun.cpu.endian" value="little"/>
    <property name="sun.os.patch.level" value=""/>
    <property name="OS" value="Windows_NT"/>
    <property name="java.io.tmpdir" value="C:\Users\mangesh\AppData\Local\Temp\"/>
    <property name="HUDSON_HOME" value="C:\Users\mangesh\.jenkins"/>
    <property name="PATH+MAVEN" value="C:\maven\apache-maven-3.5.4/bin"/>
    <property name="ProgramFiles(x86)" value="C:\Program Files (x86)"/>
    <property name="java.vendor.url.bug" value="http://bugreport.java.com/bugreport/"/>
    <property name="BUILD_URL" value="http://localhost:8080/job/OfflineDemo/8/"/>
    <property name="SystemRoot" value="C:\windows"/>
    <property name="os.arch" value="amd64"/>
    <property name="java.awt.graphicsenv" value="sun.awt.Win32GraphicsEnvironment"/>
    <property name="user.dir" value="C:\Users\mangesh\eclipse-workspace\com.offlineWebsite"/>
    <property name="JOB_URL" value="http://localhost:8080/job/OfflineDemo/"/>
    <property name="LOGONSERVER" value="\\MANGESH-PC"/>
    <property name="USERDOMAIN" value="MANGESH-PC"/>
    <property name="MAVEN_HOME" value="C:\maven\apache-maven-3.5.4"/>
    <property name="line.separator" value="
"/>
    <property name="java.vm.name" value="Java HotSpot(TM) 64-Bit Server VM"/>
    <property name="BUILD_NUMBER" value="8"/>
    <property name="PROCESSOR_REVISION" value="4501"/>
    <property name="JENKINS_URL" value="http://localhost:8080/"/>
    <property name="ProgramW6432" value="C:\Program Files"/>
    <property name="windir" value="C:\windows"/>
    <property name="file.encoding" value="Cp1252"/>
    <property name="SystemDrive" value="C:"/>
    <property name="maven3.interceptor" value="C:\Users\mangesh\.jenkins\plugins\maven-plugin\WEB-INF\lib\maven35-interceptor-1.12-alpha-1.jar"/>
    <property name="WORKSPACE" value="C:\Users\mangesh\.jenkins\workspace\OfflineDemo"/>
    <property name="maven3.interceptor.common" value="C:\Users\mangesh\.jenkins\plugins\maven-plugin\WEB-INF\lib\maven3-interceptor-commons-1.12-alpha-1.jar"/>
    <property name="PSModulePath" value="C:\windows\system32\WindowsPowerShell\v1.0\Modules\;C:\Program Files (x86)\AutoIt3\AutoItX"/>
    <property name="java.specification.version" value="10"/>
    <property name="BUILD_CAUSE" value="TIMERTRIGGER"/>
    <property name="java.vendor.version" value="18.3"/>
  </properties>
  <testcase classname="com.offlineWebsiteTest.OfflineTest" name="test01_login" time="3.21"/>
  <testcase classname="com.offlineWebsiteTest.OfflineTest" name="test02_addUser" time="3.539"/>
</testsuite>