<?xml version="1.0" encoding="UTF-8"?>
<!-- Generated by org.testng.reporters.JUnitReportReporter -->
<testsuite hostname="Mangesh-PC" failures="0" tests="2" name="com.offlineWebsiteTest.OfflineTest" time="5.144" errors="0" timestamp="14 Mar 2020 02:34:10 GMT" skipped="0">
  <testcase classname="com.offlineWebsiteTest.OfflineTest" name="test01_login" time="1.535"/>
  <testcase classname="com.offlineWebsiteTest.OfflineTest" name="test02_addUser" time="3.609"/>
</testsuite> <!-- com.offlineWebsiteTest.OfflineTest -->
