<?xml version="1.0" encoding="UTF-8"?>
<!-- Generated by org.testng.reporters.JUnitReportReporter -->
<testsuite hostname="Mangesh-PC" failures="0" tests="2" name="com.offlineWebsiteTest.OfflineTest" time="6.738" errors="0" timestamp="15 Mar 2020 05:36:37 GMT">
  <testcase classname="com.offlineWebsiteTest.OfflineTest" name="test02_addUser" time="3.541"/>
  <testcase classname="com.offlineWebsiteTest.OfflineTest" name="test01_login" time="3.197"/>
</testsuite> <!-- com.offlineWebsiteTest.OfflineTest -->
